  
  C:\Users\JIN\Documents\Visual_Studio_2013\Projects\CUDA_Exercise\arm3D_npp\arm3D>"C:\Program Files\NVIDIA GPU Computing Toolkit\CUDA\v8.0\bin\nvcc.exe" -dlink -o x64\Release\arm3D.device-link.obj -Xcompiler "/EHsc /W3 /nologo /O2 /Zi  /MD " -L"C:\Program Files\NVIDIA GPU Computing Toolkit\CUDA\v8.0\lib\x64" nppc.lib nppi.lib npps.lib cudart.lib kernel32.lib user32.lib gdi32.lib winspool.lib comdlg32.lib advapi32.lib shell32.lib ole32.lib oleaut32.lib uuid.lib odbc32.lib odbccp32.lib  -gencode=arch=compute_20,code=sm_20  --machine 64 x64\Release\cuda_func.cu.obj x64\Release\kernel.cu.obj 
CUDALINK : nvcc warning : The 'compute_20', 'sm_20', and 'sm_21' architectures are deprecated, and may be removed in a future release (Use -Wno-deprecated-gpu-targets to suppress warning).
  nppc.lib
  nppi.lib
  npps.lib
  cudart.lib
  kernel32.lib
  user32.lib
  gdi32.lib
  winspool.lib
  comdlg32.lib
  advapi32.lib
  shell32.lib
  ole32.lib
  oleaut32.lib
  uuid.lib
  odbc32.lib
  odbccp32.lib
  cuda_func.cu.obj
  kernel.cu.obj
  Generating code
  Finished generating code
  arm3D.vcxproj -> C:\Users\JIN\Documents\Visual_Studio_2013\Projects\CUDA_Exercise\arm3D_npp\x64\Release\arm3D.exe
  copy "C:\Program Files\NVIDIA GPU Computing Toolkit\CUDA\v8.0\bin\cudart*.dll" "C:\Users\JIN\Documents\Visual_Studio_2013\Projects\CUDA_Exercise\arm3D_npp\x64\Release\"
  C:\Program Files\NVIDIA GPU Computing Toolkit\CUDA\v8.0\bin\cudart32_80.dll
  C:\Program Files\NVIDIA GPU Computing Toolkit\CUDA\v8.0\bin\cudart64_80.dll
  已复制         2 个文件。
